<?xml version="1.0" encoding="utf-8"?>
<!DOCTYPE coverage SYSTEM "http://cobertura.sourceforge.net/xml/coverage-04.dtd">
<coverage line-rate="0.8714011516314779" branch-rate="0.84375" lines-covered="454" lines-valid="521" branches-covered="54" branches-valid="64" complexity="159" version="0" timestamp="1762447724">
  <sources>
    <source>C:\Users\Toby\Desktop\TheRealProject\TobiasProg24-Shop\backend\src\server\</source>
    <source>C:\Users\Toby\Desktop\TheRealProject\TobiasProg24-Shop\backend\src\server\Shop.Domain\Entities\</source>
  </sources>
  <packages>
    <package name="Shop.Api" line-rate="0.71875" branch-rate="0.6666666666666666" complexity="17">
      <classes>
        <class name="Program" filename="C:\Users\Toby\Desktop\TheRealProject\TobiasProg24-Shop\backend\src\server\Shop.Api\Program.cs" line-rate="0" branch-rate="0" complexity="2">
          <methods>
            <method name="&lt;Main&gt;$" signature="(System.String[])" line-rate="0" branch-rate="0" complexity="2">
              <lines>
                <line number="10" hits="0" branch="false" />
                <line number="12" hits="0" branch="false" />
                <line number="13" hits="0" branch="false" />
                <line number="15" hits="0" branch="false" />
                <line number="16" hits="0" branch="false" />
                <line number="17" hits="0" branch="false" />
                <line number="18" hits="0" branch="false" />
                <line number="19" hits="0" branch="false" />
                <line number="21" hits="0" branch="false" />
                <line number="22" hits="0" branch="false" />
                <line number="23" hits="0" branch="false" />
                <line number="24" hits="0" branch="false" />
                <line number="25" hits="0" branch="false" />
                <line number="26" hits="0" branch="false" />
                <line number="27" hits="0" branch="false" />
                <line number="28" hits="0" branch="false" />
                <line number="29" hits="0" branch="false" />
                <line number="32" hits="0" branch="false" />
                <line number="33" hits="0" branch="false" />
                <line number="35" hits="0" branch="false" />
                <line number="36" hits="0" branch="false" />
                <line number="37" hits="0" branch="false" />
                <line number="38" hits="0" branch="false" />
                <line number="40" hits="0" branch="false" />
                <line number="41" hits="0" branch="false" />
                <line number="42" hits="0" branch="false" />
                <line number="45" hits="0" branch="false" />
                <line number="48" hits="0" branch="true" condition-coverage="0% (0/2)" />
                <line number="49" hits="0" branch="false" />
                <line number="50" hits="0" branch="false" />
                <line number="51" hits="0" branch="false" />
                <line number="52" hits="0" branch="false" />
                <line number="55" hits="0" branch="false" />
                <line number="57" hits="0" branch="false" />
                <line number="58" hits="0" branch="false" />
                <line number="61" hits="0" branch="false" />
              </lines>
            </method>
          </methods>
          <lines>
            <line number="10" hits="0" branch="false" />
            <line number="12" hits="0" branch="false" />
            <line number="13" hits="0" branch="false" />
            <line number="15" hits="0" branch="false" />
            <line number="16" hits="0" branch="false" />
            <line number="17" hits="0" branch="false" />
            <line number="18" hits="0" branch="false" />
            <line number="19" hits="0" branch="false" />
            <line number="21" hits="0" branch="false" />
            <line number="22" hits="0" branch="false" />
            <line number="23" hits="0" branch="false" />
            <line number="24" hits="0" branch="false" />
            <line number="25" hits="0" branch="false" />
            <line number="26" hits="0" branch="false" />
            <line number="27" hits="0" branch="false" />
            <line number="28" hits="0" branch="false" />
            <line number="29" hits="0" branch="false" />
            <line number="32" hits="0" branch="false" />
            <line number="33" hits="0" branch="false" />
            <line number="35" hits="0" branch="false" />
            <line number="36" hits="0" branch="false" />
            <line number="37" hits="0" branch="false" />
            <line number="38" hits="0" branch="false" />
            <line number="40" hits="0" branch="false" />
            <line number="41" hits="0" branch="false" />
            <line number="42" hits="0" branch="false" />
            <line number="45" hits="0" branch="false" />
            <line number="48" hits="0" branch="true" condition-coverage="0% (0/2)" />
            <line number="49" hits="0" branch="false" />
            <line number="50" hits="0" branch="false" />
            <line number="51" hits="0" branch="false" />
            <line number="52" hits="0" branch="false" />
            <line number="55" hits="0" branch="false" />
            <line number="57" hits="0" branch="false" />
            <line number="58" hits="0" branch="false" />
            <line number="61" hits="0" branch="false" />
          </lines>
        </class>
        <class name="Shop.Api.Controllers.CartsController" filename="C:\Users\Toby\Desktop\TheRealProject\TobiasProg24-Shop\backend\src\server\Shop.Api\Controllers\CartsController.cs" line-rate="1" branch-rate="1" complexity="7">
          <methods>
            <method name=".ctor" signature="(Shop.Application.Services.Cart.ICartService)" line-rate="1" branch-rate="1" complexity="1">
              <lines>
                <line number="13" hits="25" branch="false" />
                <line number="14" hits="25" branch="false" />
                <line number="15" hits="25" branch="false" />
                <line number="16" hits="25" branch="false" />
              </lines>
            </method>
            <method name="AddItem" signature="()" line-rate="1" branch-rate="1" complexity="1">
              <lines>
                <line number="35" hits="6" branch="false" />
                <line number="37" hits="6" branch="false" />
                <line number="38" hits="6" branch="false" />
                <line number="39" hits="3" branch="false" />
                <line number="41" hits="1" branch="false" />
                <line number="42" hits="1" branch="false" />
                <line number="43" hits="1" branch="false" />
                <line number="45" hits="1" branch="false" />
                <line number="46" hits="1" branch="false" />
                <line number="47" hits="1" branch="false" />
                <line number="49" hits="1" branch="false" />
                <line number="50" hits="1" branch="false" />
                <line number="51" hits="1" branch="false" />
                <line number="53" hits="6" branch="false" />
              </lines>
            </method>
            <method name="ClearCart" signature="()" line-rate="1" branch-rate="1" complexity="1">
              <lines>
                <line number="95" hits="5" branch="false" />
                <line number="97" hits="5" branch="false" />
                <line number="98" hits="5" branch="false" />
                <line number="99" hits="3" branch="false" />
                <line number="101" hits="1" branch="false" />
                <line number="102" hits="1" branch="false" />
                <line number="103" hits="1" branch="false" />
                <line number="105" hits="1" branch="false" />
                <line number="106" hits="1" branch="false" />
                <line number="107" hits="1" branch="false" />
                <line number="109" hits="5" branch="false" />
              </lines>
            </method>
            <method name="GetCart" signature="()" line-rate="1" branch-rate="1" complexity="1">
              <lines>
                <line number="20" hits="3" branch="false" />
                <line number="21" hits="3" branch="false" />
                <line number="22" hits="3" branch="false" />
                <line number="23" hits="3" branch="false" />
              </lines>
            </method>
            <method name="GetCartSummary" signature="()" line-rate="1" branch-rate="1" complexity="1">
              <lines>
                <line number="27" hits="2" branch="false" />
                <line number="28" hits="2" branch="false" />
                <line number="29" hits="2" branch="false" />
                <line number="30" hits="2" branch="false" />
              </lines>
            </method>
            <method name="RemoveItem" signature="()" line-rate="1" branch-rate="1" complexity="1">
              <lines>
                <line number="78" hits="4" branch="false" />
                <line number="80" hits="4" branch="false" />
                <line number="81" hits="4" branch="false" />
                <line number="82" hits="2" branch="false" />
                <line number="84" hits="1" branch="false" />
                <line number="85" hits="1" branch="false" />
                <line number="86" hits="1" branch="false" />
                <line number="88" hits="1" branch="false" />
                <line number="89" hits="1" branch="false" />
                <line number="90" hits="1" branch="false" />
                <line number="92" hits="4" branch="false" />
              </lines>
            </method>
            <method name="UpdateItemQuantity" signature="()" line-rate="1" branch-rate="1" complexity="1">
              <lines>
                <line number="57" hits="5" branch="false" />
                <line number="59" hits="5" branch="false" />
                <line number="60" hits="5" branch="false" />
                <line number="61" hits="2" branch="false" />
                <line number="63" hits="1" branch="false" />
                <line number="64" hits="1" branch="false" />
                <line number="65" hits="1" branch="false" />
                <line number="67" hits="1" branch="false" />
                <line number="68" hits="1" branch="false" />
                <line number="69" hits="1" branch="false" />
                <line number="71" hits="1" branch="false" />
                <line number="72" hits="1" branch="false" />
                <line number="73" hits="1" branch="false" />
                <line number="75" hits="5" branch="false" />
              </lines>
            </method>
          </methods>
          <lines>
            <line number="13" hits="25" branch="false" />
            <line number="14" hits="25" branch="false" />
            <line number="15" hits="25" branch="false" />
            <line number="16" hits="25" branch="false" />
            <line number="20" hits="3" branch="false" />
            <line number="21" hits="3" branch="false" />
            <line number="22" hits="3" branch="false" />
            <line number="23" hits="3" branch="false" />
            <line number="27" hits="2" branch="false" />
            <line number="28" hits="2" branch="false" />
            <line number="29" hits="2" branch="false" />
            <line number="30" hits="2" branch="false" />
            <line number="35" hits="6" branch="false" />
            <line number="37" hits="6" branch="false" />
            <line number="38" hits="6" branch="false" />
            <line number="39" hits="3" branch="false" />
            <line number="41" hits="1" branch="false" />
            <line number="42" hits="1" branch="false" />
            <line number="43" hits="1" branch="false" />
            <line number="45" hits="1" branch="false" />
            <line number="46" hits="1" branch="false" />
            <line number="47" hits="1" branch="false" />
            <line number="49" hits="1" branch="false" />
            <line number="50" hits="1" branch="false" />
            <line number="51" hits="1" branch="false" />
            <line number="53" hits="6" branch="false" />
            <line number="57" hits="5" branch="false" />
            <line number="59" hits="5" branch="false" />
            <line number="60" hits="5" branch="false" />
            <line number="61" hits="2" branch="false" />
            <line number="63" hits="1" branch="false" />
            <line number="64" hits="1" branch="false" />
            <line number="65" hits="1" branch="false" />
            <line number="67" hits="1" branch="false" />
            <line number="68" hits="1" branch="false" />
            <line number="69" hits="1" branch="false" />
            <line number="71" hits="1" branch="false" />
            <line number="72" hits="1" branch="false" />
            <line number="73" hits="1" branch="false" />
            <line number="75" hits="5" branch="false" />
            <line number="78" hits="4" branch="false" />
            <line number="80" hits="4" branch="false" />
            <line number="81" hits="4" branch="false" />
            <line number="82" hits="2" branch="false" />
            <line number="84" hits="1" branch="false" />
            <line number="85" hits="1" branch="false" />
            <line number="86" hits="1" branch="false" />
            <line number="88" hits="1" branch="false" />
            <line number="89" hits="1" branch="false" />
            <line number="90" hits="1" branch="false" />
            <line number="92" hits="4" branch="false" />
            <line number="95" hits="5" branch="false" />
            <line number="97" hits="5" branch="false" />
            <line number="98" hits="5" branch="false" />
            <line number="99" hits="3" branch="false" />
            <line number="101" hits="1" branch="false" />
            <line number="102" hits="1" branch="false" />
            <line number="103" hits="1" branch="false" />
            <line number="105" hits="1" branch="false" />
            <line number="106" hits="1" branch="false" />
            <line number="107" hits="1" branch="false" />
            <line number="109" hits="5" branch="false" />
          </lines>
        </class>
        <class name="Shop.Api.Controllers.CategoriesController" filename="C:\Users\Toby\Desktop\TheRealProject\TobiasProg24-Shop\backend\src\server\Shop.Api\Controllers\CategoriesController.cs" line-rate="1" branch-rate="1" complexity="4">
          <methods>
            <method name=".ctor" signature="(Shop.Application.Services.Category.ICategoryService)" line-rate="1" branch-rate="1" complexity="1">
              <lines>
                <line number="14" hits="17" branch="false" />
                <line number="15" hits="17" branch="false" />
                <line number="16" hits="17" branch="false" />
                <line number="17" hits="17" branch="false" />
              </lines>
            </method>
            <method name="GetAll" signature="()" line-rate="1" branch-rate="1" complexity="1">
              <lines>
                <line number="21" hits="9" branch="false" />
                <line number="22" hits="9" branch="false" />
                <line number="23" hits="8" branch="false" />
                <line number="24" hits="8" branch="false" />
              </lines>
            </method>
            <method name="GetById" signature="()" line-rate="1" branch-rate="1" complexity="2">
              <lines>
                <line number="28" hits="12" branch="false" />
                <line number="29" hits="12" branch="false" />
                <line number="30" hits="11" branch="true" condition-coverage="100% (2/2)" />
                <line number="31" hits="5" branch="false" />
                <line number="32" hits="5" branch="false" />
                <line number="34" hits="6" branch="false" />
                <line number="35" hits="11" branch="false" />
              </lines>
            </method>
          </methods>
          <lines>
            <line number="14" hits="17" branch="false" />
            <line number="15" hits="17" branch="false" />
            <line number="16" hits="17" branch="false" />
            <line number="17" hits="17" branch="false" />
            <line number="21" hits="9" branch="false" />
            <line number="22" hits="9" branch="false" />
            <line number="23" hits="8" branch="false" />
            <line number="24" hits="8" branch="false" />
            <line number="28" hits="12" branch="false" />
            <line number="29" hits="12" branch="false" />
            <line number="30" hits="11" branch="true" condition-coverage="100% (2/2)" />
            <line number="31" hits="5" branch="false" />
            <line number="32" hits="5" branch="false" />
            <line number="34" hits="6" branch="false" />
            <line number="35" hits="11" branch="false" />
          </lines>
        </class>
        <class name="Shop.Api.Controllers.ProductsController" filename="C:\Users\Toby\Desktop\TheRealProject\TobiasProg24-Shop\backend\src\server\Shop.Api\Controllers\ProductsController.cs" line-rate="1" branch-rate="1" complexity="4">
          <methods>
            <method name=".ctor" signature="(Shop.Application.Services.Product.IProductService)" line-rate="1" branch-rate="1" complexity="1">
              <lines>
                <line number="13" hits="12" branch="false" />
                <line number="14" hits="12" branch="false" />
                <line number="15" hits="12" branch="false" />
                <line number="16" hits="12" branch="false" />
              </lines>
            </method>
            <method name="GetAll" signature="()" line-rate="1" branch-rate="1" complexity="1">
              <lines>
                <line number="20" hits="4" branch="false" />
                <line number="21" hits="4" branch="false" />
                <line number="22" hits="3" branch="false" />
                <line number="23" hits="3" branch="false" />
              </lines>
            </method>
            <method name="GetbyId" signature="()" line-rate="1" branch-rate="1" complexity="2">
              <lines>
                <line number="27" hits="8" branch="false" />
                <line number="28" hits="8" branch="false" />
                <line number="29" hits="7" branch="true" condition-coverage="100% (2/2)" />
                <line number="30" hits="5" branch="false" />
                <line number="31" hits="5" branch="false" />
                <line number="33" hits="2" branch="false" />
                <line number="34" hits="7" branch="false" />
              </lines>
            </method>
          </methods>
          <lines>
            <line number="13" hits="12" branch="false" />
            <line number="14" hits="12" branch="false" />
            <line number="15" hits="12" branch="false" />
            <line number="16" hits="12" branch="false" />
            <line number="20" hits="4" branch="false" />
            <line number="21" hits="4" branch="false" />
            <line number="22" hits="3" branch="false" />
            <line number="23" hits="3" branch="false" />
            <line number="27" hits="8" branch="false" />
            <line number="28" hits="8" branch="false" />
            <line number="29" hits="7" branch="true" condition-coverage="100% (2/2)" />
            <line number="30" hits="5" branch="false" />
            <line number="31" hits="5" branch="false" />
            <line number="33" hits="2" branch="false" />
            <line number="34" hits="7" branch="false" />
          </lines>
        </class>
      </classes>
    </package>
    <package name="Shop.Application" line-rate="0.9346938775510204" branch-rate="0.9230769230769231" complexity="95">
      <classes>
        <class name="Shop.Application.Dtos.AddToCartRequest" filename="C:\Users\Toby\Desktop\TheRealProject\TobiasProg24-Shop\backend\src\server\Shop.Application\Dtos\CartDto.cs" line-rate="1" branch-rate="1" complexity="3">
          <methods>
            <method name="get_ProductId" signature="()" line-rate="1" branch-rate="1" complexity="1">
              <lines>
                <line number="32" hits="36" branch="false" />
              </lines>
            </method>
            <method name="get_Quantity" signature="()" line-rate="1" branch-rate="1" complexity="1">
              <lines>
                <line number="33" hits="36" branch="false" />
              </lines>
            </method>
            <method name=".ctor" signature="(System.Guid,System.Int32)" line-rate="1" branch-rate="1" complexity="1">
              <lines>
                <line number="31" hits="26" branch="false" />
                <line number="32" hits="36" branch="false" />
                <line number="33" hits="36" branch="false" />
                <line number="34" hits="26" branch="false" />
              </lines>
            </method>
          </methods>
          <lines>
            <line number="31" hits="26" branch="false" />
            <line number="32" hits="36" branch="false" />
            <line number="33" hits="36" branch="false" />
            <line number="34" hits="26" branch="false" />
          </lines>
        </class>
        <class name="Shop.Application.Dtos.CartDto" filename="C:\Users\Toby\Desktop\TheRealProject\TobiasProg24-Shop\backend\src\server\Shop.Application\Dtos\CartDto.cs" line-rate="1" branch-rate="1" complexity="8">
          <methods>
            <method name="get_Id" signature="()" line-rate="1" branch-rate="1" complexity="1">
              <lines>
                <line number="10" hits="5" branch="false" />
              </lines>
            </method>
            <method name="get_SessionId" signature="()" line-rate="1" branch-rate="1" complexity="1">
              <lines>
                <line number="11" hits="8" branch="false" />
              </lines>
            </method>
            <method name="get_Items" signature="()" line-rate="1" branch-rate="1" complexity="1">
              <lines>
                <line number="12" hits="17" branch="false" />
              </lines>
            </method>
            <method name="get_TotalItems" signature="()" line-rate="1" branch-rate="1" complexity="1">
              <lines>
                <line number="13" hits="7" branch="false" />
              </lines>
            </method>
            <method name="get_TotalPrice" signature="()" line-rate="1" branch-rate="1" complexity="1">
              <lines>
                <line number="14" hits="6" branch="false" />
              </lines>
            </method>
            <method name="get_CreatedAt" signature="()" line-rate="1" branch-rate="1" complexity="1">
              <lines>
                <line number="15" hits="1" branch="false" />
              </lines>
            </method>
            <method name="get_UpdatedAt" signature="()" line-rate="1" branch-rate="1" complexity="1">
              <lines>
                <line number="16" hits="1" branch="false" />
              </lines>
            </method>
            <method name=".ctor" signature="(System.Guid,System.String,System.Collections.Generic.IEnumerable`1&lt;Shop.Application.Dtos.CartItemDto&gt;,System.Int32,System.Decimal,System.DateTime,System.DateTime)" line-rate="1" branch-rate="1" complexity="1">
              <lines>
                <line number="9" hits="37" branch="false" />
                <line number="10" hits="5" branch="false" />
                <line number="11" hits="8" branch="false" />
                <line number="12" hits="17" branch="false" />
                <line number="13" hits="7" branch="false" />
                <line number="14" hits="6" branch="false" />
                <line number="15" hits="1" branch="false" />
                <line number="16" hits="1" branch="false" />
                <line number="17" hits="37" branch="false" />
              </lines>
            </method>
          </methods>
          <lines>
            <line number="9" hits="37" branch="false" />
            <line number="10" hits="5" branch="false" />
            <line number="11" hits="8" branch="false" />
            <line number="12" hits="17" branch="false" />
            <line number="13" hits="7" branch="false" />
            <line number="14" hits="6" branch="false" />
            <line number="15" hits="1" branch="false" />
            <line number="16" hits="1" branch="false" />
            <line number="17" hits="37" branch="false" />
          </lines>
        </class>
        <class name="Shop.Application.Dtos.CartItemDto" filename="C:\Users\Toby\Desktop\TheRealProject\TobiasProg24-Shop\backend\src\server\Shop.Application\Dtos\CartDto.cs" line-rate="0.6363636363636364" branch-rate="1" complexity="10">
          <methods>
            <method name="get_Id" signature="()" line-rate="1" branch-rate="1" complexity="1">
              <lines>
                <line number="20" hits="1" branch="false" />
              </lines>
            </method>
            <method name="get_ProductId" signature="()" line-rate="0" branch-rate="1" complexity="1">
              <lines>
                <line number="21" hits="0" branch="false" />
              </lines>
            </method>
            <method name="get_ProductName" signature="()" line-rate="0" branch-rate="1" complexity="1">
              <lines>
                <line number="22" hits="0" branch="false" />
              </lines>
            </method>
            <method name="get_ProductDescription" signature="()" line-rate="1" branch-rate="1" complexity="1">
              <lines>
                <line number="23" hits="1" branch="false" />
              </lines>
            </method>
            <method name="get_ProductPrice" signature="()" line-rate="1" branch-rate="1" complexity="1">
              <lines>
                <line number="24" hits="2" branch="false" />
              </lines>
            </method>
            <method name="get_Quantity" signature="()" line-rate="1" branch-rate="1" complexity="1">
              <lines>
                <line number="25" hits="72" branch="false" />
              </lines>
            </method>
            <method name="get_Subtotal" signature="()" line-rate="1" branch-rate="1" complexity="1">
              <lines>
                <line number="26" hits="65" branch="false" />
              </lines>
            </method>
            <method name="get_AvailableStock" signature="()" line-rate="0" branch-rate="1" complexity="1">
              <lines>
                <line number="27" hits="0" branch="false" />
              </lines>
            </method>
            <method name="get_AddedAt" signature="()" line-rate="0" branch-rate="1" complexity="1">
              <lines>
                <line number="28" hits="0" branch="false" />
              </lines>
            </method>
            <method name=".ctor" signature="(System.Guid,System.Guid,System.String,System.String,System.Decimal,System.Int32,System.Decimal,System.Int32,System.DateTime)" line-rate="0.6363636363636364" branch-rate="1" complexity="1">
              <lines>
                <line number="19" hits="168" branch="false" />
                <line number="20" hits="1" branch="false" />
                <line number="21" hits="0" branch="false" />
                <line number="22" hits="0" branch="false" />
                <line number="23" hits="1" branch="false" />
                <line number="24" hits="2" branch="false" />
                <line number="25" hits="72" branch="false" />
                <line number="26" hits="65" branch="false" />
                <line number="27" hits="0" branch="false" />
                <line number="28" hits="0" branch="false" />
                <line number="29" hits="168" branch="false" />
              </lines>
            </method>
          </methods>
          <lines>
            <line number="19" hits="168" branch="false" />
            <line number="20" hits="1" branch="false" />
            <line number="21" hits="0" branch="false" />
            <line number="22" hits="0" branch="false" />
            <line number="23" hits="1" branch="false" />
            <line number="24" hits="2" branch="false" />
            <line number="25" hits="72" branch="false" />
            <line number="26" hits="65" branch="false" />
            <line number="27" hits="0" branch="false" />
            <line number="28" hits="0" branch="false" />
            <line number="29" hits="168" branch="false" />
          </lines>
        </class>
        <class name="Shop.Application.Dtos.CartSummaryDto" filename="C:\Users\Toby\Desktop\TheRealProject\TobiasProg24-Shop\backend\src\server\Shop.Application\Dtos\CartDto.cs" line-rate="1" branch-rate="1" complexity="3">
          <methods>
            <method name="get_TotalItems" signature="()" line-rate="1" branch-rate="1" complexity="1">
              <lines>
                <line number="40" hits="9" branch="false" />
              </lines>
            </method>
            <method name="get_TotalPrice" signature="()" line-rate="1" branch-rate="1" complexity="1">
              <lines>
                <line number="41" hits="9" branch="false" />
              </lines>
            </method>
            <method name=".ctor" signature="(System.Int32,System.Decimal)" line-rate="1" branch-rate="1" complexity="1">
              <lines>
                <line number="39" hits="14" branch="false" />
                <line number="40" hits="9" branch="false" />
                <line number="41" hits="9" branch="false" />
                <line number="42" hits="14" branch="false" />
              </lines>
            </method>
          </methods>
          <lines>
            <line number="39" hits="14" branch="false" />
            <line number="40" hits="9" branch="false" />
            <line number="41" hits="9" branch="false" />
            <line number="42" hits="14" branch="false" />
          </lines>
        </class>
        <class name="Shop.Application.Dtos.CategoryDto" filename="C:\Users\Toby\Desktop\TheRealProject\TobiasProg24-Shop\backend\src\server\Shop.Application\Dtos\CategoryDto.cs" line-rate="1" branch-rate="1" complexity="5">
          <methods>
            <method name="get_Id" signature="()" line-rate="1" branch-rate="1" complexity="1">
              <lines>
                <line number="10" hits="10" branch="false" />
              </lines>
            </method>
            <method name="get_Name" signature="()" line-rate="1" branch-rate="1" complexity="1">
              <lines>
                <line number="11" hits="24" branch="false" />
              </lines>
            </method>
            <method name="get_Description" signature="()" line-rate="1" branch-rate="1" complexity="1">
              <lines>
                <line number="12" hits="19" branch="false" />
              </lines>
            </method>
            <method name="get_ProductCount" signature="()" line-rate="1" branch-rate="1" complexity="1">
              <lines>
                <line number="13" hits="34" branch="false" />
              </lines>
            </method>
            <method name=".ctor" signature="(System.Guid,System.String,System.String,System.Int32)" line-rate="1" branch-rate="1" complexity="1">
              <lines>
                <line number="9" hits="179" branch="false" />
                <line number="10" hits="10" branch="false" />
                <line number="11" hits="24" branch="false" />
                <line number="12" hits="19" branch="false" />
                <line number="13" hits="34" branch="false" />
                <line number="14" hits="179" branch="false" />
              </lines>
            </method>
          </methods>
          <lines>
            <line number="9" hits="179" branch="false" />
            <line number="10" hits="10" branch="false" />
            <line number="11" hits="24" branch="false" />
            <line number="12" hits="19" branch="false" />
            <line number="13" hits="34" branch="false" />
            <line number="14" hits="179" branch="false" />
          </lines>
        </class>
        <class name="Shop.Application.Dtos.ProductDto" filename="C:\Users\Toby\Desktop\TheRealProject\TobiasProg24-Shop\backend\src\server\Shop.Application\Dtos\ProductDto.cs" line-rate="1" branch-rate="1" complexity="8">
          <methods>
            <method name="get_Id" signature="()" line-rate="1" branch-rate="1" complexity="1">
              <lines>
                <line number="10" hits="6" branch="false" />
              </lines>
            </method>
            <method name="get_Name" signature="()" line-rate="1" branch-rate="1" complexity="1">
              <lines>
                <line number="11" hits="14" branch="false" />
              </lines>
            </method>
            <method name="get_Description" signature="()" line-rate="1" branch-rate="1" complexity="1">
              <lines>
                <line number="12" hits="12" branch="false" />
              </lines>
            </method>
            <method name="get_Price" signature="()" line-rate="1" branch-rate="1" complexity="1">
              <lines>
                <line number="13" hits="15" branch="false" />
              </lines>
            </method>
            <method name="get_Stock" signature="()" line-rate="1" branch-rate="1" complexity="1">
              <lines>
                <line number="14" hits="12" branch="false" />
              </lines>
            </method>
            <method name="get_CategoryId" signature="()" line-rate="1" branch-rate="1" complexity="1">
              <lines>
                <line number="15" hits="4" branch="false" />
              </lines>
            </method>
            <method name="get_CategoryName" signature="()" line-rate="1" branch-rate="1" complexity="1">
              <lines>
                <line number="16" hits="19" branch="false" />
              </lines>
            </method>
            <method name=".ctor" signature="(System.Guid,System.String,System.String,System.Decimal,System.Int32,System.Guid,System.String)" line-rate="1" branch-rate="1" complexity="1">
              <lines>
                <line number="9" hits="163" branch="false" />
                <line number="10" hits="6" branch="false" />
                <line number="11" hits="14" branch="false" />
                <line number="12" hits="12" branch="false" />
                <line number="13" hits="15" branch="false" />
                <line number="14" hits="12" branch="false" />
                <line number="15" hits="4" branch="false" />
                <line number="16" hits="19" branch="false" />
                <line number="17" hits="163" branch="false" />
              </lines>
            </method>
          </methods>
          <lines>
            <line number="9" hits="163" branch="false" />
            <line number="10" hits="6" branch="false" />
            <line number="11" hits="14" branch="false" />
            <line number="12" hits="12" branch="false" />
            <line number="13" hits="15" branch="false" />
            <line number="14" hits="12" branch="false" />
            <line number="15" hits="4" branch="false" />
            <line number="16" hits="19" branch="false" />
            <line number="17" hits="163" branch="false" />
          </lines>
        </class>
        <class name="Shop.Application.Dtos.UpdateCartItemRequest" filename="C:\Users\Toby\Desktop\TheRealProject\TobiasProg24-Shop\backend\src\server\Shop.Application\Dtos\CartDto.cs" line-rate="1" branch-rate="1" complexity="2">
          <methods>
            <method name="get_Quantity" signature="()" line-rate="1" branch-rate="1" complexity="1">
              <lines>
                <line number="36" hits="10" branch="false" />
              </lines>
            </method>
            <method name=".ctor" signature="(System.Int32)" line-rate="1" branch-rate="1" complexity="1">
              <lines>
                <line number="35" hits="8" branch="false" />
                <line number="36" hits="10" branch="false" />
                <line number="37" hits="8" branch="false" />
              </lines>
            </method>
          </methods>
          <lines>
            <line number="35" hits="8" branch="false" />
            <line number="36" hits="10" branch="false" />
            <line number="37" hits="8" branch="false" />
          </lines>
        </class>
        <class name="Shop.Application.Services.Cart.CartService" filename="C:\Users\Toby\Desktop\TheRealProject\TobiasProg24-Shop\backend\src\server\Shop.Application\Services\Cart\CartService.cs" line-rate="0.9215686274509803" branch-rate="0.9" complexity="42">
          <methods>
            <method name="MapToDto" signature="(Shop.Domain.Entities.Cart)" line-rate="1" branch-rate="1" complexity="1">
              <lines>
                <line number="213" hits="18" branch="false" />
                <line number="214" hits="79" branch="false" />
                <line number="215" hits="79" branch="false" />
                <line number="216" hits="79" branch="false" />
                <line number="217" hits="79" branch="false" />
                <line number="218" hits="79" branch="false" />
                <line number="219" hits="79" branch="false" />
                <line number="220" hits="79" branch="false" />
                <line number="221" hits="79" branch="false" />
                <line number="222" hits="79" branch="false" />
                <line number="223" hits="79" branch="false" />
                <line number="224" hits="79" branch="false" />
                <line number="226" hits="79" branch="false" />
                <line number="227" hits="79" branch="false" />
                <line number="229" hits="18" branch="false" />
                <line number="230" hits="18" branch="false" />
                <line number="231" hits="18" branch="false" />
                <line number="232" hits="18" branch="false" />
                <line number="233" hits="18" branch="false" />
                <line number="234" hits="18" branch="false" />
                <line number="235" hits="18" branch="false" />
                <line number="236" hits="18" branch="false" />
                <line number="237" hits="18" branch="false" />
                <line number="238" hits="18" branch="false" />
              </lines>
            </method>
            <method name=".ctor" signature="(Shop.Domain.Interfaces.ICartRepository,Shop.Domain.Interfaces.ICartItemRepository,Shop.Domain.Interfaces.IProductRepository)" line-rate="1" branch-rate="1" complexity="1">
              <lines>
                <line number="22" hits="38" branch="false" />
                <line number="23" hits="38" branch="false" />
                <line number="24" hits="38" branch="false" />
                <line number="25" hits="38" branch="false" />
                <line number="26" hits="38" branch="false" />
                <line number="27" hits="38" branch="false" />
                <line number="28" hits="38" branch="false" />
                <line number="29" hits="38" branch="false" />
                <line number="30" hits="38" branch="false" />
              </lines>
            </method>
            <method name="AddItemToCartAsync" signature="()" line-rate="0.8260869565217391" branch-rate="0.9166666666666666" complexity="12">
              <lines>
                <line number="58" hits="14" branch="false" />
                <line number="59" hits="14" branch="false" />
                <line number="60" hits="14" branch="true" condition-coverage="100% (2/2)" />
                <line number="61" hits="2" branch="false" />
                <line number="62" hits="2" branch="false" />
                <line number="65" hits="12" branch="true" condition-coverage="100% (2/2)" />
                <line number="66" hits="2" branch="false" />
                <line number="67" hits="2" branch="false" />
                <line number="70" hits="10" branch="true" condition-coverage="100% (2/2)" />
                <line number="71" hits="1" branch="false" />
                <line number="72" hits="1" branch="false" />
                <line number="75" hits="9" branch="false" />
                <line number="76" hits="9" branch="true" condition-coverage="50% (1/2)" />
                <line number="77" hits="0" branch="false" />
                <line number="78" hits="0" branch="false" />
                <line number="79" hits="0" branch="false" />
                <line number="80" hits="0" branch="false" />
                <line number="81" hits="0" branch="false" />
                <line number="82" hits="0" branch="false" />
                <line number="83" hits="0" branch="false" />
                <line number="84" hits="0" branch="false" />
                <line number="87" hits="9" branch="false" />
                <line number="89" hits="9" branch="true" condition-coverage="100% (2/2)" />
                <line number="90" hits="3" branch="false" />
                <line number="91" hits="3" branch="false" />
                <line number="94" hits="3" branch="true" condition-coverage="100% (2/2)" />
                <line number="95" hits="1" branch="false" />
                <line number="96" hits="1" branch="false" />
                <line number="97" hits="1" branch="false" />
                <line number="100" hits="2" branch="false" />
                <line number="101" hits="2" branch="false" />
                <line number="102" hits="2" branch="false" />
                <line number="104" hits="6" branch="false" />
                <line number="105" hits="6" branch="false" />
                <line number="106" hits="6" branch="false" />
                <line number="107" hits="6" branch="false" />
                <line number="108" hits="6" branch="false" />
                <line number="109" hits="6" branch="false" />
                <line number="110" hits="6" branch="false" />
                <line number="111" hits="6" branch="false" />
                <line number="112" hits="6" branch="false" />
                <line number="113" hits="6" branch="false" />
                <line number="115" hits="8" branch="false" />
                <line number="116" hits="8" branch="false" />
                <line number="117" hits="8" branch="false" />
                <line number="119" hits="8" branch="false" />
              </lines>
            </method>
            <method name="ClearCartAsync" signature="()" line-rate="1" branch-rate="1" complexity="2">
              <lines>
                <line number="122" hits="3" branch="false" />
                <line number="123" hits="3" branch="false" />
                <line number="124" hits="4" branch="true" condition-coverage="100% (2/2)" />
                <line number="126" hits="2" branch="false" />
                <line number="128" hits="2" branch="false" />
                <line number="130" hits="2" branch="false" />
                <line number="132" hits="3" branch="false" />
              </lines>
            </method>
            <method name="GetCartBySessionIdAsync" signature="()" line-rate="0" branch-rate="0" complexity="2">
              <lines>
                <line number="52" hits="0" branch="false" />
                <line number="53" hits="0" branch="false" />
                <line number="54" hits="0" branch="true" condition-coverage="0% (0/2)" />
                <line number="55" hits="0" branch="false" />
              </lines>
            </method>
            <method name="GetCartSummaryAsync" signature="()" line-rate="1" branch-rate="1" complexity="4">
              <lines>
                <line number="135" hits="7" branch="false" />
                <line number="136" hits="7" branch="false" />
                <line number="137" hits="7" branch="true" condition-coverage="100% (4/4)" />
                <line number="138" hits="2" branch="false" />
                <line number="139" hits="2" branch="false" />
                <line number="142" hits="18" branch="false" />
                <line number="143" hits="18" branch="false" />
                <line number="145" hits="5" branch="false" />
                <line number="146" hits="7" branch="false" />
              </lines>
            </method>
            <method name="GetOrCreateCartAsync" signature="()" line-rate="1" branch-rate="1" complexity="2">
              <lines>
                <line number="33" hits="5" branch="false" />
                <line number="34" hits="5" branch="false" />
                <line number="36" hits="5" branch="true" condition-coverage="100% (2/2)" />
                <line number="37" hits="4" branch="false" />
                <line number="38" hits="4" branch="false" />
                <line number="39" hits="4" branch="false" />
                <line number="40" hits="4" branch="false" />
                <line number="41" hits="4" branch="false" />
                <line number="42" hits="4" branch="false" />
                <line number="43" hits="4" branch="false" />
                <line number="44" hits="4" branch="false" />
                <line number="45" hits="4" branch="false" />
                <line number="47" hits="5" branch="false" />
                <line number="50" hits="5" branch="false" />
              </lines>
            </method>
            <method name="RemoveItemFromCartAsync" signature="()" line-rate="1" branch-rate="0.8333333333333334" complexity="6">
              <lines>
                <line number="149" hits="4" branch="false" />
                <line number="150" hits="4" branch="false" />
                <line number="151" hits="4" branch="true" condition-coverage="100% (2/2)" />
                <line number="152" hits="1" branch="false" />
                <line number="153" hits="1" branch="false" />
                <line number="156" hits="3" branch="false" />
                <line number="157" hits="3" branch="true" condition-coverage="75% (3/4)" />
                <line number="158" hits="1" branch="false" />
                <line number="159" hits="1" branch="false" />
                <line number="162" hits="2" branch="false" />
                <line number="163" hits="2" branch="false" />
                <line number="165" hits="2" branch="false" />
                <line number="166" hits="2" branch="false" />
                <line number="167" hits="2" branch="false" />
              </lines>
            </method>
            <method name="UpdateCartItemQuantityAsync" signature="()" line-rate="1" branch-rate="1" complexity="12">
              <lines>
                <line number="170" hits="9" branch="false" />
                <line number="171" hits="9" branch="true" condition-coverage="100% (2/2)" />
                <line number="172" hits="2" branch="false" />
                <line number="173" hits="2" branch="false" />
                <line number="176" hits="7" branch="false" />
                <line number="177" hits="7" branch="true" condition-coverage="100% (2/2)" />
                <line number="178" hits="1" branch="false" />
                <line number="179" hits="1" branch="false" />
                <line number="182" hits="6" branch="false" />
                <line number="183" hits="6" branch="true" condition-coverage="100% (4/4)" />
                <line number="184" hits="1" branch="false" />
                <line number="185" hits="1" branch="false" />
                <line number="189" hits="5" branch="false" />
                <line number="190" hits="5" branch="true" condition-coverage="100% (2/2)" />
                <line number="191" hits="1" branch="false" />
                <line number="192" hits="1" branch="false" />
                <line number="194" hits="4" branch="true" condition-coverage="100% (2/2)" />
                <line number="195" hits="1" branch="false" />
                <line number="196" hits="1" branch="false" />
                <line number="197" hits="1" branch="false" />
                <line number="200" hits="3" branch="false" />
                <line number="201" hits="3" branch="false" />
                <line number="203" hits="3" branch="false" />
                <line number="206" hits="3" branch="false" />
                <line number="207" hits="3" branch="false" />
                <line number="208" hits="3" branch="false" />
              </lines>
            </method>
          </methods>
          <lines>
            <line number="22" hits="38" branch="false" />
            <line number="23" hits="38" branch="false" />
            <line number="24" hits="38" branch="false" />
            <line number="25" hits="38" branch="false" />
            <line number="26" hits="38" branch="false" />
            <line number="27" hits="38" branch="false" />
            <line number="28" hits="38" branch="false" />
            <line number="29" hits="38" branch="false" />
            <line number="30" hits="38" branch="false" />
            <line number="33" hits="5" branch="false" />
            <line number="34" hits="5" branch="false" />
            <line number="36" hits="5" branch="true" condition-coverage="100% (2/2)" />
            <line number="37" hits="4" branch="false" />
            <line number="38" hits="4" branch="false" />
            <line number="39" hits="4" branch="false" />
            <line number="40" hits="4" branch="false" />
            <line number="41" hits="4" branch="false" />
            <line number="42" hits="4" branch="false" />
            <line number="43" hits="4" branch="false" />
            <line number="44" hits="4" branch="false" />
            <line number="45" hits="4" branch="false" />
            <line number="47" hits="5" branch="false" />
            <line number="50" hits="5" branch="false" />
            <line number="52" hits="0" branch="false" />
            <line number="53" hits="0" branch="false" />
            <line number="54" hits="0" branch="true" condition-coverage="0% (0/2)" />
            <line number="55" hits="0" branch="false" />
            <line number="58" hits="14" branch="false" />
            <line number="59" hits="14" branch="false" />
            <line number="60" hits="14" branch="true" condition-coverage="100% (2/2)" />
            <line number="61" hits="2" branch="false" />
            <line number="62" hits="2" branch="false" />
            <line number="65" hits="12" branch="true" condition-coverage="100% (2/2)" />
            <line number="66" hits="2" branch="false" />
            <line number="67" hits="2" branch="false" />
            <line number="70" hits="10" branch="true" condition-coverage="100% (2/2)" />
            <line number="71" hits="1" branch="false" />
            <line number="72" hits="1" branch="false" />
            <line number="75" hits="9" branch="false" />
            <line number="76" hits="9" branch="true" condition-coverage="50% (1/2)" />
            <line number="77" hits="0" branch="false" />
            <line number="78" hits="0" branch="false" />
            <line number="79" hits="0" branch="false" />
            <line number="80" hits="0" branch="false" />
            <line number="81" hits="0" branch="false" />
            <line number="82" hits="0" branch="false" />
            <line number="83" hits="0" branch="false" />
            <line number="84" hits="0" branch="false" />
            <line number="87" hits="9" branch="false" />
            <line number="89" hits="9" branch="true" condition-coverage="100% (2/2)" />
            <line number="90" hits="3" branch="false" />
            <line number="91" hits="3" branch="false" />
            <line number="94" hits="3" branch="true" condition-coverage="100% (2/2)" />
            <line number="95" hits="1" branch="false" />
            <line number="96" hits="1" branch="false" />
            <line number="97" hits="1" branch="false" />
            <line number="100" hits="2" branch="false" />
            <line number="101" hits="2" branch="false" />
            <line number="102" hits="2" branch="false" />
            <line number="104" hits="6" branch="false" />
            <line number="105" hits="6" branch="false" />
            <line number="106" hits="6" branch="false" />
            <line number="107" hits="6" branch="false" />
            <line number="108" hits="6" branch="false" />
            <line number="109" hits="6" branch="false" />
            <line number="110" hits="6" branch="false" />
            <line number="111" hits="6" branch="false" />
            <line number="112" hits="6" branch="false" />
            <line number="113" hits="6" branch="false" />
            <line number="115" hits="8" branch="false" />
            <line number="116" hits="8" branch="false" />
            <line number="117" hits="8" branch="false" />
            <line number="119" hits="8" branch="false" />
            <line number="122" hits="3" branch="false" />
            <line number="123" hits="3" branch="false" />
            <line number="124" hits="4" branch="true" condition-coverage="100% (2/2)" />
            <line number="126" hits="2" branch="false" />
            <line number="128" hits="2" branch="false" />
            <line number="130" hits="2" branch="false" />
            <line number="132" hits="3" branch="false" />
            <line number="135" hits="7" branch="false" />
            <line number="136" hits="7" branch="false" />
            <line number="137" hits="7" branch="true" condition-coverage="100% (4/4)" />
            <line number="138" hits="2" branch="false" />
            <line number="139" hits="2" branch="false" />
            <line number="142" hits="18" branch="false" />
            <line number="143" hits="18" branch="false" />
            <line number="145" hits="5" branch="false" />
            <line number="146" hits="7" branch="false" />
            <line number="149" hits="4" branch="false" />
            <line number="150" hits="4" branch="false" />
            <line number="151" hits="4" branch="true" condition-coverage="100% (2/2)" />
            <line number="152" hits="1" branch="false" />
            <line number="153" hits="1" branch="false" />
            <line number="156" hits="3" branch="false" />
            <line number="157" hits="3" branch="true" condition-coverage="75% (3/4)" />
            <line number="158" hits="1" branch="false" />
            <line number="159" hits="1" branch="false" />
            <line number="162" hits="2" branch="false" />
            <line number="163" hits="2" branch="false" />
            <line number="165" hits="2" branch="false" />
            <line number="166" hits="2" branch="false" />
            <line number="167" hits="2" branch="false" />
            <line number="170" hits="9" branch="false" />
            <line number="171" hits="9" branch="true" condition-coverage="100% (2/2)" />
            <line number="172" hits="2" branch="false" />
            <line number="173" hits="2" branch="false" />
            <line number="176" hits="7" branch="false" />
            <line number="177" hits="7" branch="true" condition-coverage="100% (2/2)" />
            <line number="178" hits="1" branch="false" />
            <line number="179" hits="1" branch="false" />
            <line number="182" hits="6" branch="false" />
            <line number="183" hits="6" branch="true" condition-coverage="100% (4/4)" />
            <line number="184" hits="1" branch="false" />
            <line number="185" hits="1" branch="false" />
            <line number="189" hits="5" branch="false" />
            <line number="190" hits="5" branch="true" condition-coverage="100% (2/2)" />
            <line number="191" hits="1" branch="false" />
            <line number="192" hits="1" branch="false" />
            <line number="194" hits="4" branch="true" condition-coverage="100% (2/2)" />
            <line number="195" hits="1" branch="false" />
            <line number="196" hits="1" branch="false" />
            <line number="197" hits="1" branch="false" />
            <line number="200" hits="3" branch="false" />
            <line number="201" hits="3" branch="false" />
            <line number="203" hits="3" branch="false" />
            <line number="206" hits="3" branch="false" />
            <line number="207" hits="3" branch="false" />
            <line number="208" hits="3" branch="false" />
            <line number="213" hits="18" branch="false" />
            <line number="214" hits="79" branch="false" />
            <line number="215" hits="79" branch="false" />
            <line number="216" hits="79" branch="false" />
            <line number="217" hits="79" branch="false" />
            <line number="218" hits="79" branch="false" />
            <line number="219" hits="79" branch="false" />
            <line number="220" hits="79" branch="false" />
            <line number="221" hits="79" branch="false" />
            <line number="222" hits="79" branch="false" />
            <line number="223" hits="79" branch="false" />
            <line number="224" hits="79" branch="false" />
            <line number="226" hits="79" branch="false" />
            <line number="227" hits="79" branch="false" />
            <line number="229" hits="18" branch="false" />
            <line number="230" hits="18" branch="false" />
            <line number="231" hits="18" branch="false" />
            <line number="232" hits="18" branch="false" />
            <line number="233" hits="18" branch="false" />
            <line number="234" hits="18" branch="false" />
            <line number="235" hits="18" branch="false" />
            <line number="236" hits="18" branch="false" />
            <line number="237" hits="18" branch="false" />
            <line number="238" hits="18" branch="false" />
          </lines>
        </class>
        <class name="Shop.Application.Services.Category.CategoryService" filename="C:\Users\Toby\Desktop\TheRealProject\TobiasProg24-Shop\backend\src\server\Shop.Application\Services\Category\CategoryService.cs" line-rate="1" branch-rate="1" complexity="6">
          <methods>
            <method name=".ctor" signature="(Shop.Infrastructure.Repositories.ICategoryRepository)" line-rate="1" branch-rate="1" complexity="1">
              <lines>
                <line number="18" hits="21" branch="false" />
                <line number="19" hits="21" branch="false" />
                <line number="20" hits="21" branch="false" />
                <line number="21" hits="21" branch="false" />
              </lines>
            </method>
            <method name="GetAllCategoriesAsync" signature="()" line-rate="1" branch-rate="1" complexity="1">
              <lines>
                <line number="25" hits="14" branch="false" />
                <line number="26" hits="14" branch="false" />
                <line number="27" hits="128" branch="true" condition-coverage="100% (2/2)" />
                <line number="28" hits="128" branch="false" />
                <line number="29" hits="128" branch="false" />
                <line number="30" hits="128" branch="false" />
                <line number="31" hits="128" branch="false" />
                <line number="32" hits="128" branch="false" />
                <line number="33" hits="14" branch="false" />
              </lines>
            </method>
            <method name="GetCategoryByIdAsync" signature="()" line-rate="1" branch-rate="1" complexity="4">
              <lines>
                <line number="36" hits="9" branch="false" />
                <line number="37" hits="9" branch="false" />
                <line number="38" hits="12" branch="true" condition-coverage="100% (2/2)" />
                <line number="40" hits="6" branch="true" condition-coverage="100% (2/2)" />
                <line number="41" hits="6" branch="false" />
                <line number="42" hits="6" branch="false" />
                <line number="43" hits="6" branch="false" />
                <line number="44" hits="6" branch="false" />
                <line number="45" hits="6" branch="false" />
                <line number="46" hits="9" branch="false" />
              </lines>
            </method>
          </methods>
          <lines>
            <line number="18" hits="21" branch="false" />
            <line number="19" hits="21" branch="false" />
            <line number="20" hits="21" branch="false" />
            <line number="21" hits="21" branch="false" />
            <line number="25" hits="14" branch="false" />
            <line number="26" hits="14" branch="false" />
            <line number="27" hits="128" branch="true" condition-coverage="100% (2/2)" />
            <line number="28" hits="128" branch="false" />
            <line number="29" hits="128" branch="false" />
            <line number="30" hits="128" branch="false" />
            <line number="31" hits="128" branch="false" />
            <line number="32" hits="128" branch="false" />
            <line number="33" hits="14" branch="false" />
            <line number="36" hits="9" branch="false" />
            <line number="37" hits="9" branch="false" />
            <line number="38" hits="12" branch="true" condition-coverage="100% (2/2)" />
            <line number="40" hits="6" branch="true" condition-coverage="100% (2/2)" />
            <line number="41" hits="6" branch="false" />
            <line number="42" hits="6" branch="false" />
            <line number="43" hits="6" branch="false" />
            <line number="44" hits="6" branch="false" />
            <line number="45" hits="6" branch="false" />
            <line number="46" hits="9" branch="false" />
          </lines>
        </class>
        <class name="Shop.Application.Services.Product.ProductService" filename="C:\Users\Toby\Desktop\TheRealProject\TobiasProg24-Shop\backend\src\server\Shop.Application\Services\Product\ProductService.cs" line-rate="1" branch-rate="1" complexity="8">
          <methods>
            <method name="MapToDto" signature="(Shop.Domain.Entities.Product)" line-rate="1" branch-rate="1" complexity="4">
              <lines>
                <line number="39" hits="135" branch="false" />
                <line number="40" hits="135" branch="true" condition-coverage="100% (4/4)" />
                <line number="41" hits="135" branch="false" />
                <line number="42" hits="135" branch="false" />
                <line number="43" hits="135" branch="false" />
                <line number="44" hits="135" branch="false" />
                <line number="45" hits="135" branch="false" />
                <line number="46" hits="135" branch="false" />
                <line number="47" hits="135" branch="false" />
                <line number="48" hits="135" branch="false" />
                <line number="49" hits="135" branch="false" />
              </lines>
            </method>
            <method name=".ctor" signature="(Shop.Domain.Interfaces.IProductRepository)" line-rate="1" branch-rate="1" complexity="1">
              <lines>
                <line number="19" hits="18" branch="false" />
                <line number="20" hits="18" branch="false" />
                <line number="21" hits="18" branch="false" />
                <line number="23" hits="18" branch="false" />
              </lines>
            </method>
            <method name="GetAllProductsAsync" signature="()" line-rate="1" branch-rate="1" complexity="1">
              <lines>
                <line number="27" hits="9" branch="false" />
                <line number="28" hits="9" branch="false" />
                <line number="29" hits="9" branch="false" />
                <line number="30" hits="9" branch="false" />
              </lines>
            </method>
            <method name="GetProductByIdAsync" signature="()" line-rate="1" branch-rate="1" complexity="2">
              <lines>
                <line number="33" hits="10" branch="false" />
                <line number="34" hits="10" branch="false" />
                <line number="35" hits="10" branch="true" condition-coverage="100% (2/2)" />
                <line number="36" hits="10" branch="false" />
              </lines>
            </method>
          </methods>
          <lines>
            <line number="19" hits="18" branch="false" />
            <line number="20" hits="18" branch="false" />
            <line number="21" hits="18" branch="false" />
            <line number="23" hits="18" branch="false" />
            <line number="27" hits="9" branch="false" />
            <line number="28" hits="9" branch="false" />
            <line number="29" hits="9" branch="false" />
            <line number="30" hits="9" branch="false" />
            <line number="33" hits="10" branch="false" />
            <line number="34" hits="10" branch="false" />
            <line number="35" hits="10" branch="true" condition-coverage="100% (2/2)" />
            <line number="36" hits="10" branch="false" />
            <line number="39" hits="135" branch="false" />
            <line number="40" hits="135" branch="true" condition-coverage="100% (4/4)" />
            <line number="41" hits="135" branch="false" />
            <line number="42" hits="135" branch="false" />
            <line number="43" hits="135" branch="false" />
            <line number="44" hits="135" branch="false" />
            <line number="45" hits="135" branch="false" />
            <line number="46" hits="135" branch="false" />
            <line number="47" hits="135" branch="false" />
            <line number="48" hits="135" branch="false" />
            <line number="49" hits="135" branch="false" />
          </lines>
        </class>
      </classes>
    </package>
    <package name="Shop.Domain" line-rate="1" branch-rate="1" complexity="23">
      <classes>
        <class name="Shop.Domain.Entities.Cart" filename="C:\Users\Toby\Desktop\TheRealProject\TobiasProg24-Shop\backend\src\server\Shop.Domain\Entities\Cart.cs" line-rate="1" branch-rate="1" complexity="5">
          <methods>
            <method name="get_Id" signature="()" line-rate="1" branch-rate="1" complexity="1">
              <lines>
                <line number="11" hits="132" branch="false" />
              </lines>
            </method>
            <method name="get_SessionId" signature="()" line-rate="1" branch-rate="1" complexity="1">
              <lines>
                <line number="12" hits="162" branch="false" />
              </lines>
            </method>
            <method name="get_CreatedAt" signature="()" line-rate="1" branch-rate="1" complexity="1">
              <lines>
                <line number="13" hits="46" branch="false" />
              </lines>
            </method>
            <method name="get_UpdatedAt" signature="()" line-rate="1" branch-rate="1" complexity="1">
              <lines>
                <line number="14" hits="50" branch="false" />
              </lines>
            </method>
            <method name="get_Items" signature="()" line-rate="1" branch-rate="1" complexity="1">
              <lines>
                <line number="15" hits="156" branch="false" />
              </lines>
            </method>
          </methods>
          <lines>
            <line number="11" hits="132" branch="false" />
            <line number="12" hits="162" branch="false" />
            <line number="13" hits="46" branch="false" />
            <line number="14" hits="50" branch="false" />
            <line number="15" hits="156" branch="false" />
          </lines>
        </class>
        <class name="Shop.Domain.Entities.CartItem" filename="C:\Users\Toby\Desktop\TheRealProject\TobiasProg24-Shop\backend\src\server\Shop.Domain\Entities\CartItem.cs" line-rate="1" branch-rate="1" complexity="7">
          <methods>
            <method name="get_Id" signature="()" line-rate="1" branch-rate="1" complexity="1">
              <lines>
                <line number="11" hits="180" branch="false" />
              </lines>
            </method>
            <method name="get_CartId" signature="()" line-rate="1" branch-rate="1" complexity="1">
              <lines>
                <line number="12" hits="64" branch="false" />
              </lines>
            </method>
            <method name="get_ProductId" signature="()" line-rate="1" branch-rate="1" complexity="1">
              <lines>
                <line number="13" hits="180" branch="false" />
              </lines>
            </method>
            <method name="get_Quantity" signature="()" line-rate="1" branch-rate="1" complexity="1">
              <lines>
                <line number="14" hits="282" branch="false" />
              </lines>
            </method>
            <method name="get_AddedAt" signature="()" line-rate="1" branch-rate="1" complexity="1">
              <lines>
                <line number="15" hits="81" branch="false" />
              </lines>
            </method>
            <method name="get_Cart" signature="()" line-rate="1" branch-rate="1" complexity="1">
              <lines>
                <line number="17" hits="126" branch="false" />
              </lines>
            </method>
            <method name="get_Product" signature="()" line-rate="1" branch-rate="1" complexity="1">
              <lines>
                <line number="18" hits="547" branch="false" />
              </lines>
            </method>
          </methods>
          <lines>
            <line number="11" hits="180" branch="false" />
            <line number="12" hits="64" branch="false" />
            <line number="13" hits="180" branch="false" />
            <line number="14" hits="282" branch="false" />
            <line number="15" hits="81" branch="false" />
            <line number="17" hits="126" branch="false" />
            <line number="18" hits="547" branch="false" />
          </lines>
        </class>
        <class name="Shop.Domain.Entities.Category" filename="C:\Users\Toby\Desktop\TheRealProject\TobiasProg24-Shop\backend\src\server\Shop.Domain\Entities\Category.cs" line-rate="1" branch-rate="1" complexity="4">
          <methods>
            <method name="get_Id" signature="()" line-rate="1" branch-rate="1" complexity="1">
              <lines>
                <line number="11" hits="434" branch="false" />
              </lines>
            </method>
            <method name="get_Name" signature="()" line-rate="1" branch-rate="1" complexity="1">
              <lines>
                <line number="12" hits="721" branch="false" />
              </lines>
            </method>
            <method name="get_Description" signature="()" line-rate="1" branch-rate="1" complexity="1">
              <lines>
                <line number="13" hits="497" branch="false" />
              </lines>
            </method>
            <method name="get_Products" signature="()" line-rate="1" branch-rate="1" complexity="1">
              <lines>
                <line number="14" hits="451" branch="false" />
              </lines>
            </method>
          </methods>
          <lines>
            <line number="11" hits="434" branch="false" />
            <line number="12" hits="721" branch="false" />
            <line number="13" hits="497" branch="false" />
            <line number="14" hits="451" branch="false" />
          </lines>
        </class>
        <class name="Shop.Domain.Entities.Product" filename="C:\Users\Toby\Desktop\TheRealProject\TobiasProg24-Shop\backend\src\server\Shop.Domain\Entities\Product.cs" line-rate="1" branch-rate="1" complexity="7">
          <methods>
            <method name="get_Id" signature="()" line-rate="1" branch-rate="1" complexity="1">
              <lines>
                <line number="11" hits="15639" branch="false" />
              </lines>
            </method>
            <method name="get_Name" signature="()" line-rate="1" branch-rate="1" complexity="1">
              <lines>
                <line number="12" hits="31237" branch="false" />
              </lines>
            </method>
            <method name="get_Description" signature="()" line-rate="1" branch-rate="1" complexity="1">
              <lines>
                <line number="13" hits="15851" branch="false" />
              </lines>
            </method>
            <method name="get_Price" signature="()" line-rate="1" branch-rate="1" complexity="1">
              <lines>
                <line number="14" hits="15746" branch="false" />
              </lines>
            </method>
            <method name="get_Stock" signature="()" line-rate="1" branch-rate="1" complexity="1">
              <lines>
                <line number="15" hits="15681" branch="false" />
              </lines>
            </method>
            <method name="get_CategoryId" signature="()" line-rate="1" branch-rate="1" complexity="1">
              <lines>
                <line number="16" hits="439" branch="false" />
              </lines>
            </method>
            <method name="get_Category" signature="()" line-rate="1" branch-rate="1" complexity="1">
              <lines>
                <line number="17" hits="433" branch="false" />
              </lines>
            </method>
          </methods>
          <lines>
            <line number="11" hits="15639" branch="false" />
            <line number="12" hits="31237" branch="false" />
            <line number="13" hits="15851" branch="false" />
            <line number="14" hits="15746" branch="false" />
            <line number="15" hits="15681" branch="false" />
            <line number="16" hits="439" branch="false" />
            <line number="17" hits="433" branch="false" />
          </lines>
        </class>
      </classes>
    </package>
    <package name="Shop.Infrastructure" line-rate="0.88" branch-rate="0.3333333333333333" complexity="24">
      <classes>
        <class name="Shop.Infrastructure.Repositories.CartItemRepository" filename="C:\Users\Toby\Desktop\TheRealProject\TobiasProg24-Shop\backend\src\server\Shop.Infrastructure\Repositories\CartItemRepository.cs" line-rate="1" branch-rate="1" complexity="9">
          <methods>
            <method name=".ctor" signature="(Shop.Infrastructure.Data.ShopDbContext)" line-rate="1" branch-rate="1" complexity="1">
              <lines>
                <line number="17" hits="14" branch="false" />
                <line number="18" hits="14" branch="false" />
                <line number="19" hits="14" branch="false" />
                <line number="20" hits="14" branch="false" />
              </lines>
            </method>
            <method name="CreateAsync" signature="()" line-rate="1" branch-rate="1" complexity="1">
              <lines>
                <line number="23" hits="2" branch="false" />
                <line number="25" hits="2" branch="false" />
                <line number="26" hits="2" branch="false" />
                <line number="27" hits="2" branch="false" />
                <line number="29" hits="2" branch="false" />
                <line number="31" hits="2" branch="false" />
              </lines>
            </method>
            <method name="DeleteAsync" signature="()" line-rate="1" branch-rate="1" complexity="2">
              <lines>
                <line number="34" hits="2" branch="false" />
                <line number="35" hits="2" branch="false" />
                <line number="36" hits="3" branch="true" condition-coverage="100% (2/2)" />
                <line number="38" hits="1" branch="false" />
                <line number="39" hits="1" branch="false" />
                <line number="40" hits="1" branch="false" />
                <line number="41" hits="2" branch="false" />
              </lines>
            </method>
            <method name="DeleteByCartIdAsync" signature="()" line-rate="1" branch-rate="1" complexity="1">
              <lines>
                <line number="44" hits="2" branch="false" />
                <line number="45" hits="2" branch="false" />
                <line number="46" hits="2" branch="false" />
                <line number="47" hits="2" branch="false" />
                <line number="49" hits="2" branch="false" />
                <line number="50" hits="2" branch="false" />
                <line number="52" hits="2" branch="false" />
                <line number="54" hits="2" branch="false" />
              </lines>
            </method>
            <method name="GetByCartAndProductAsync" signature="()" line-rate="1" branch-rate="1" complexity="1">
              <lines>
                <line number="57" hits="3" branch="false" />
                <line number="58" hits="3" branch="false" />
                <line number="59" hits="3" branch="false" />
                <line number="60" hits="3" branch="false" />
                <line number="61" hits="3" branch="false" />
                <line number="62" hits="3" branch="false" />
              </lines>
            </method>
            <method name="GetByCartIdAsync" signature="()" line-rate="1" branch-rate="1" complexity="1">
              <lines>
                <line number="65" hits="2" branch="false" />
                <line number="66" hits="2" branch="false" />
                <line number="67" hits="2" branch="false" />
                <line number="68" hits="2" branch="false" />
                <line number="69" hits="2" branch="false" />
                <line number="70" hits="2" branch="false" />
                <line number="71" hits="2" branch="false" />
                <line number="72" hits="2" branch="false" />
              </lines>
            </method>
            <method name="GetByIdAsync" signature="()" line-rate="1" branch-rate="1" complexity="1">
              <lines>
                <line number="75" hits="5" branch="false" />
                <line number="76" hits="5" branch="false" />
                <line number="77" hits="5" branch="false" />
                <line number="78" hits="5" branch="false" />
                <line number="79" hits="5" branch="false" />
                <line number="80" hits="5" branch="false" />
                <line number="81" hits="5" branch="false" />
              </lines>
            </method>
            <method name="UpdateAsync" signature="()" line-rate="1" branch-rate="1" complexity="1">
              <lines>
                <line number="84" hits="1" branch="false" />
                <line number="85" hits="1" branch="false" />
                <line number="86" hits="1" branch="false" />
                <line number="88" hits="1" branch="false" />
                <line number="89" hits="1" branch="false" />
              </lines>
            </method>
          </methods>
          <lines>
            <line number="17" hits="14" branch="false" />
            <line number="18" hits="14" branch="false" />
            <line number="19" hits="14" branch="false" />
            <line number="20" hits="14" branch="false" />
            <line number="23" hits="2" branch="false" />
            <line number="25" hits="2" branch="false" />
            <line number="26" hits="2" branch="false" />
            <line number="27" hits="2" branch="false" />
            <line number="29" hits="2" branch="false" />
            <line number="31" hits="2" branch="false" />
            <line number="34" hits="2" branch="false" />
            <line number="35" hits="2" branch="false" />
            <line number="36" hits="3" branch="true" condition-coverage="100% (2/2)" />
            <line number="38" hits="1" branch="false" />
            <line number="39" hits="1" branch="false" />
            <line number="40" hits="1" branch="false" />
            <line number="41" hits="2" branch="false" />
            <line number="44" hits="2" branch="false" />
            <line number="45" hits="2" branch="false" />
            <line number="46" hits="2" branch="false" />
            <line number="47" hits="2" branch="false" />
            <line number="49" hits="2" branch="false" />
            <line number="50" hits="2" branch="false" />
            <line number="52" hits="2" branch="false" />
            <line number="54" hits="2" branch="false" />
            <line number="57" hits="3" branch="false" />
            <line number="58" hits="3" branch="false" />
            <line number="59" hits="3" branch="false" />
            <line number="60" hits="3" branch="false" />
            <line number="61" hits="3" branch="false" />
            <line number="62" hits="3" branch="false" />
            <line number="65" hits="2" branch="false" />
            <line number="66" hits="2" branch="false" />
            <line number="67" hits="2" branch="false" />
            <line number="68" hits="2" branch="false" />
            <line number="69" hits="2" branch="false" />
            <line number="70" hits="2" branch="false" />
            <line number="71" hits="2" branch="false" />
            <line number="72" hits="2" branch="false" />
            <line number="75" hits="5" branch="false" />
            <line number="76" hits="5" branch="false" />
            <line number="77" hits="5" branch="false" />
            <line number="78" hits="5" branch="false" />
            <line number="79" hits="5" branch="false" />
            <line number="80" hits="5" branch="false" />
            <line number="81" hits="5" branch="false" />
            <line number="84" hits="1" branch="false" />
            <line number="85" hits="1" branch="false" />
            <line number="86" hits="1" branch="false" />
            <line number="88" hits="1" branch="false" />
            <line number="89" hits="1" branch="false" />
          </lines>
        </class>
        <class name="Shop.Infrastructure.Repositories.CartRepository" filename="C:\Users\Toby\Desktop\TheRealProject\TobiasProg24-Shop\backend\src\server\Shop.Infrastructure\Repositories\CartRepository.cs" line-rate="0.6739130434782609" branch-rate="0" complexity="9">
          <methods>
            <method name=".ctor" signature="(Shop.Infrastructure.Data.ShopDbContext)" line-rate="1" branch-rate="1" complexity="1">
              <lines>
                <line number="20" hits="10" branch="false" />
                <line number="21" hits="10" branch="false" />
                <line number="22" hits="10" branch="false" />
                <line number="23" hits="10" branch="false" />
              </lines>
            </method>
            <method name="CreateAsync" signature="()" line-rate="1" branch-rate="1" complexity="1">
              <lines>
                <line number="45" hits="2" branch="false" />
                <line number="46" hits="2" branch="false" />
                <line number="47" hits="2" branch="false" />
                <line number="49" hits="2" branch="false" />
                <line number="50" hits="2" branch="false" />
                <line number="52" hits="2" branch="false" />
                <line number="55" hits="2" branch="false" />
              </lines>
            </method>
            <method name="DeleteAscyn" signature="()" line-rate="0" branch-rate="0" complexity="2">
              <lines>
                <line number="66" hits="0" branch="false" />
                <line number="67" hits="0" branch="false" />
                <line number="68" hits="0" branch="true" condition-coverage="0% (0/2)" />
                <line number="70" hits="0" branch="false" />
                <line number="71" hits="0" branch="false" />
                <line number="72" hits="0" branch="false" />
                <line number="73" hits="0" branch="false" />
              </lines>
            </method>
            <method name="DeleteBySessionAsync" signature="()" line-rate="0" branch-rate="0" complexity="2">
              <lines>
                <line number="76" hits="0" branch="false" />
                <line number="77" hits="0" branch="false" />
                <line number="78" hits="0" branch="false" />
                <line number="79" hits="0" branch="true" condition-coverage="0% (0/2)" />
                <line number="81" hits="0" branch="false" />
                <line number="82" hits="0" branch="false" />
                <line number="83" hits="0" branch="false" />
                <line number="85" hits="0" branch="false" />
              </lines>
            </method>
            <method name="GetByIdAsync" signature="()" line-rate="1" branch-rate="1" complexity="1">
              <lines>
                <line number="35" hits="5" branch="false" />
                <line number="36" hits="5" branch="false" />
                <line number="37" hits="5" branch="false" />
                <line number="38" hits="5" branch="false" />
                <line number="39" hits="5" branch="false" />
                <line number="40" hits="5" branch="false" />
                <line number="41" hits="5" branch="false" />
              </lines>
            </method>
            <method name="GetBySessionIdAsync" signature="()" line-rate="1" branch-rate="1" complexity="1">
              <lines>
                <line number="26" hits="5" branch="false" />
                <line number="27" hits="5" branch="false" />
                <line number="28" hits="5" branch="false" />
                <line number="29" hits="5" branch="false" />
                <line number="30" hits="5" branch="false" />
                <line number="31" hits="5" branch="false" />
                <line number="33" hits="5" branch="false" />
              </lines>
            </method>
            <method name="UpdateAsync" signature="()" line-rate="1" branch-rate="1" complexity="1">
              <lines>
                <line number="57" hits="1" branch="false" />
                <line number="58" hits="1" branch="false" />
                <line number="60" hits="1" branch="false" />
                <line number="61" hits="1" branch="false" />
                <line number="62" hits="1" branch="false" />
                <line number="63" hits="1" branch="false" />
              </lines>
            </method>
          </methods>
          <lines>
            <line number="20" hits="10" branch="false" />
            <line number="21" hits="10" branch="false" />
            <line number="22" hits="10" branch="false" />
            <line number="23" hits="10" branch="false" />
            <line number="26" hits="5" branch="false" />
            <line number="27" hits="5" branch="false" />
            <line number="28" hits="5" branch="false" />
            <line number="29" hits="5" branch="false" />
            <line number="30" hits="5" branch="false" />
            <line number="31" hits="5" branch="false" />
            <line number="33" hits="5" branch="false" />
            <line number="35" hits="5" branch="false" />
            <line number="36" hits="5" branch="false" />
            <line number="37" hits="5" branch="false" />
            <line number="38" hits="5" branch="false" />
            <line number="39" hits="5" branch="false" />
            <line number="40" hits="5" branch="false" />
            <line number="41" hits="5" branch="false" />
            <line number="45" hits="2" branch="false" />
            <line number="46" hits="2" branch="false" />
            <line number="47" hits="2" branch="false" />
            <line number="49" hits="2" branch="false" />
            <line number="50" hits="2" branch="false" />
            <line number="52" hits="2" branch="false" />
            <line number="55" hits="2" branch="false" />
            <line number="57" hits="1" branch="false" />
            <line number="58" hits="1" branch="false" />
            <line number="60" hits="1" branch="false" />
            <line number="61" hits="1" branch="false" />
            <line number="62" hits="1" branch="false" />
            <line number="63" hits="1" branch="false" />
            <line number="66" hits="0" branch="false" />
            <line number="67" hits="0" branch="false" />
            <line number="68" hits="0" branch="true" condition-coverage="0% (0/2)" />
            <line number="70" hits="0" branch="false" />
            <line number="71" hits="0" branch="false" />
            <line number="72" hits="0" branch="false" />
            <line number="73" hits="0" branch="false" />
            <line number="76" hits="0" branch="false" />
            <line number="77" hits="0" branch="false" />
            <line number="78" hits="0" branch="false" />
            <line number="79" hits="0" branch="true" condition-coverage="0% (0/2)" />
            <line number="81" hits="0" branch="false" />
            <line number="82" hits="0" branch="false" />
            <line number="83" hits="0" branch="false" />
            <line number="85" hits="0" branch="false" />
          </lines>
        </class>
        <class name="Shop.Infrastructure.Repositories.CategoryRepository" filename="C:\Users\Toby\Desktop\TheRealProject\TobiasProg24-Shop\backend\src\server\Shop.Infrastructure\Repositories\CategoryRepository.cs" line-rate="1" branch-rate="1" complexity="3">
          <methods>
            <method name=".ctor" signature="(Shop.Infrastructure.Data.ShopDbContext)" line-rate="1" branch-rate="1" complexity="1">
              <lines>
                <line number="15" hits="8" branch="false" />
                <line number="16" hits="8" branch="false" />
                <line number="17" hits="8" branch="false" />
                <line number="18" hits="8" branch="false" />
              </lines>
            </method>
            <method name="GetAllAsync" signature="()" line-rate="1" branch-rate="1" complexity="1">
              <lines>
                <line number="21" hits="3" branch="false" />
                <line number="22" hits="3" branch="false" />
                <line number="23" hits="3" branch="false" />
                <line number="24" hits="3" branch="false" />
                <line number="25" hits="3" branch="false" />
              </lines>
            </method>
            <method name="GetByIdAsync" signature="()" line-rate="1" branch-rate="1" complexity="1">
              <lines>
                <line number="28" hits="7" branch="false" />
                <line number="29" hits="7" branch="false" />
                <line number="30" hits="7" branch="false" />
                <line number="31" hits="7" branch="false" />
                <line number="32" hits="7" branch="false" />
              </lines>
            </method>
          </methods>
          <lines>
            <line number="15" hits="8" branch="false" />
            <line number="16" hits="8" branch="false" />
            <line number="17" hits="8" branch="false" />
            <line number="18" hits="8" branch="false" />
            <line number="21" hits="3" branch="false" />
            <line number="22" hits="3" branch="false" />
            <line number="23" hits="3" branch="false" />
            <line number="24" hits="3" branch="false" />
            <line number="25" hits="3" branch="false" />
            <line number="28" hits="7" branch="false" />
            <line number="29" hits="7" branch="false" />
            <line number="30" hits="7" branch="false" />
            <line number="31" hits="7" branch="false" />
            <line number="32" hits="7" branch="false" />
          </lines>
        </class>
        <class name="Shop.Infrastructure.Repositories.ProductRepository" filename="C:\Users\Toby\Desktop\TheRealProject\TobiasProg24-Shop\backend\src\server\Shop.Infrastructure\Repositories\ProductRepository.cs" line-rate="1" branch-rate="1" complexity="3">
          <methods>
            <method name=".ctor" signature="(Shop.Infrastructure.Data.ShopDbContext)" line-rate="1" branch-rate="1" complexity="1">
              <lines>
                <line number="16" hits="10" branch="false" />
                <line number="17" hits="10" branch="false" />
                <line number="18" hits="10" branch="false" />
                <line number="19" hits="10" branch="false" />
              </lines>
            </method>
            <method name="GetAllAsync" signature="()" line-rate="1" branch-rate="1" complexity="1">
              <lines>
                <line number="22" hits="4" branch="false" />
                <line number="23" hits="4" branch="false" />
                <line number="24" hits="4" branch="false" />
                <line number="25" hits="4" branch="false" />
                <line number="26" hits="4" branch="false" />
              </lines>
            </method>
            <method name="GetByIdAsync" signature="()" line-rate="1" branch-rate="1" complexity="1">
              <lines>
                <line number="29" hits="8" branch="false" />
                <line number="30" hits="8" branch="false" />
                <line number="31" hits="8" branch="false" />
                <line number="32" hits="8" branch="false" />
                <line number="33" hits="8" branch="false" />
              </lines>
            </method>
          </methods>
          <lines>
            <line number="16" hits="10" branch="false" />
            <line number="17" hits="10" branch="false" />
            <line number="18" hits="10" branch="false" />
            <line number="19" hits="10" branch="false" />
            <line number="22" hits="4" branch="false" />
            <line number="23" hits="4" branch="false" />
            <line number="24" hits="4" branch="false" />
            <line number="25" hits="4" branch="false" />
            <line number="26" hits="4" branch="false" />
            <line number="29" hits="8" branch="false" />
            <line number="30" hits="8" branch="false" />
            <line number="31" hits="8" branch="false" />
            <line number="32" hits="8" branch="false" />
            <line number="33" hits="8" branch="false" />
          </lines>
        </class>
      </classes>
    </package>
  </packages>
</coverage>